<?xml version="1.0" encoding="UTF-8"?>
<testng-results ignored="1" total="3" passed="2" failed="0" skipped="0">
  <reporter-output>
  </reporter-output>
  <suite started-at="2022-10-18T09:14:35 IST" name="Suite" finished-at="2022-10-18T09:16:47 IST" duration-ms="132016">
    <groups>
      <group name="smoke">
        <method signature="Task_Execution.Task()[pri:0, instance:Group_Execution.Task_Execution@4a22f9e2]" name="Task" class="Group_Execution.Task_Execution"/>
        <method signature="Users_Execution.Users()[pri:0, instance:Group_Execution.Users_Execution@4b5d6a01]" name="Users" class="Group_Execution.Users_Execution"/>
      </group> <!-- smoke -->
      <group name="sanity">
        <method signature="Users_Execution.Users()[pri:0, instance:Group_Execution.Users_Execution@4b5d6a01]" name="Users" class="Group_Execution.Users_Execution"/>
      </group> <!-- sanity -->
    </groups>
    <test started-at="2022-10-18T09:14:35 IST" name="Test" finished-at="2022-10-18T09:16:47 IST" duration-ms="132016">
      <class name="Group_Execution.Users_Execution">
        <test-method is-config="true" signature="launchBrowser()[pri:0, instance:Group_Execution.Users_Execution@4b5d6a01]" started-at="2022-10-18T09:14:35 IST" name="launchBrowser" finished-at="2022-10-18T09:15:14 IST" duration-ms="38750" status="PASS">
          <reporter-output>
          </reporter-output>
        </test-method> <!-- launchBrowser -->
        <test-method is-config="true" signature="login()[pri:0, instance:Group_Execution.Users_Execution@4b5d6a01]" started-at="2022-10-18T09:15:14 IST" name="login" finished-at="2022-10-18T09:15:14 IST" duration-ms="454" status="PASS">
          <reporter-output>
          </reporter-output>
        </test-method> <!-- login -->
        <test-method signature="Users()[pri:0, instance:Group_Execution.Users_Execution@4b5d6a01]" started-at="2022-10-18T09:15:14 IST" name="Users" finished-at="2022-10-18T09:15:41 IST" duration-ms="26219" status="PASS">
          <reporter-output>
          </reporter-output>
        </test-method> <!-- Users -->
        <test-method is-config="true" signature="logOut()[pri:0, instance:Group_Execution.Users_Execution@4b5d6a01]" started-at="2022-10-18T09:15:41 IST" name="logOut" finished-at="2022-10-18T09:15:45 IST" duration-ms="4768" status="PASS">
          <reporter-output>
          </reporter-output>
        </test-method> <!-- logOut -->
        <test-method is-config="true" signature="closeBrowser()[pri:0, instance:Group_Execution.Users_Execution@4b5d6a01]" started-at="2022-10-18T09:15:45 IST" name="closeBrowser" finished-at="2022-10-18T09:15:46 IST" duration-ms="433" status="PASS">
          <reporter-output>
          </reporter-output>
        </test-method> <!-- closeBrowser -->
      </class> <!-- Group_Execution.Users_Execution -->
      <class name="Group_Execution.Task_Execution">
        <test-method is-config="true" signature="launchBrowser()[pri:0, instance:Group_Execution.Task_Execution@4a22f9e2]" started-at="2022-10-18T09:15:46 IST" name="launchBrowser" finished-at="2022-10-18T09:16:16 IST" duration-ms="30303" status="PASS">
          <reporter-output>
          </reporter-output>
        </test-method> <!-- launchBrowser -->
        <test-method is-config="true" signature="login()[pri:0, instance:Group_Execution.Task_Execution@4a22f9e2]" started-at="2022-10-18T09:16:16 IST" name="login" finished-at="2022-10-18T09:16:16 IST" duration-ms="430" status="PASS">
          <reporter-output>
          </reporter-output>
        </test-method> <!-- login -->
        <test-method signature="Task()[pri:0, instance:Group_Execution.Task_Execution@4a22f9e2]" started-at="2022-10-18T09:16:16 IST" name="Task" finished-at="2022-10-18T09:16:41 IST" duration-ms="24661" status="PASS">
          <reporter-output>
          </reporter-output>
        </test-method> <!-- Task -->
        <test-method is-config="true" signature="logOut()[pri:0, instance:Group_Execution.Task_Execution@4a22f9e2]" started-at="2022-10-18T09:16:41 IST" name="logOut" finished-at="2022-10-18T09:16:47 IST" duration-ms="5527" status="PASS">
          <reporter-output>
          </reporter-output>
        </test-method> <!-- logOut -->
        <test-method is-config="true" signature="closeBrowser()[pri:0, instance:Group_Execution.Task_Execution@4a22f9e2]" started-at="2022-10-18T09:16:47 IST" name="closeBrowser" finished-at="2022-10-18T09:16:47 IST" duration-ms="386" status="PASS">
          <reporter-output>
          </reporter-output>
        </test-method> <!-- closeBrowser -->
      </class> <!-- Group_Execution.Task_Execution -->
    </test> <!-- Test -->
  </suite> <!-- Suite -->
</testng-results>
