<?xml version="1.0" encoding="UTF-8"?>
<!-- Generated by org.testng.reporters.JUnitXMLReporter -->
<testsuite ignored="0" hostname="DESKTOP-HOJTD0S" failures="0" tests="3" name="Default test" time="0.11" errors="0" timestamp="2022-10-20T13:56:35 IST">
  <testcase classname="Test_ng_pgms.Log_class" name="create" time="0.023"/>
  <testcase classname="Test_ng_pgms.Log_class" name="deleteUser" time="0.003"/>
  <testcase classname="Test_ng_pgms.Log_class" name="modify" time="0.006"/>
</testsuite> <!-- Default test -->
