<?xml version="1.0" encoding="UTF-8"?>
<testng-results ignored="0" total="1" passed="1" failed="0" skipped="0">
  <reporter-output>
  </reporter-output>
  <suite started-at="2022-10-19T07:18:23 IST" name="Default suite" finished-at="2022-10-19T07:19:13 IST" duration-ms="50500">
    <groups>
    </groups>
    <test started-at="2022-10-19T07:18:23 IST" name="Default test" finished-at="2022-10-19T07:19:13 IST" duration-ms="50500">
      <class name="Scheduling_with_Datautility_Baseclass.Base_Class_Scheduling_Annotation">
        <test-method is-config="true" signature="launchBrowser()[pri:0, instance:Scheduling_with_Datautility_Baseclass.Base_Class_Scheduling_Annotation@5bd03f44]" started-at="2022-10-19T07:18:23 IST" name="launchBrowser" finished-at="2022-10-19T07:18:52 IST" duration-ms="28871" status="PASS">
          <reporter-output>
          </reporter-output>
        </test-method> <!-- launchBrowser -->
        <test-method is-config="true" signature="login()[pri:0, instance:Scheduling_with_Datautility_Baseclass.Base_Class_Scheduling_Annotation@5bd03f44]" started-at="2022-10-19T07:18:52 IST" name="login" finished-at="2022-10-19T07:18:52 IST" duration-ms="487" status="PASS">
          <reporter-output>
          </reporter-output>
        </test-method> <!-- login -->
        <test-method signature="clickOnTask()[pri:0, instance:Scheduling_with_Datautility_Baseclass.Base_Class_Scheduling_Annotation@5bd03f44]" started-at="2022-10-19T07:18:52 IST" name="clickOnTask" finished-at="2022-10-19T07:19:08 IST" duration-ms="15724" status="PASS">
          <reporter-output>
          </reporter-output>
        </test-method> <!-- clickOnTask -->
        <test-method is-config="true" signature="logout()[pri:0, instance:Scheduling_with_Datautility_Baseclass.Base_Class_Scheduling_Annotation@5bd03f44]" started-at="2022-10-19T07:19:08 IST" name="logout" finished-at="2022-10-19T07:19:13 IST" duration-ms="4833" status="PASS">
          <reporter-output>
          </reporter-output>
        </test-method> <!-- logout -->
        <test-method is-config="true" signature="closeBrowser()[pri:0, instance:Scheduling_with_Datautility_Baseclass.Base_Class_Scheduling_Annotation@5bd03f44]" started-at="2022-10-19T07:19:13 IST" name="closeBrowser" finished-at="2022-10-19T07:19:13 IST" duration-ms="493" status="PASS">
          <reporter-output>
          </reporter-output>
        </test-method> <!-- closeBrowser -->
      </class> <!-- Scheduling_with_Datautility_Baseclass.Base_Class_Scheduling_Annotation -->
    </test> <!-- Default test -->
  </suite> <!-- Default suite -->
</testng-results>
