<?xml version="1.0" encoding="UTF-8"?>
<testng-results ignored="0" total="3" passed="3" failed="0" skipped="0">
  <reporter-output>
    <line>
      <![CDATA[create execution done]]>
    </line>
  </reporter-output>
  <suite started-at="2022-10-20T13:56:35 IST" name="Default suite" finished-at="2022-10-20T13:56:35 IST" duration-ms="110">
    <groups>
    </groups>
    <test started-at="2022-10-20T13:56:35 IST" name="Default test" finished-at="2022-10-20T13:56:35 IST" duration-ms="110">
      <class name="Test_ng_pgms.Log_class">
        <test-method signature="create()[pri:0, instance:Test_ng_pgms.Log_class@6ac13091]" started-at="2022-10-20T13:56:35 IST" name="create" finished-at="2022-10-20T13:56:35 IST" duration-ms="23" status="PASS">
          <reporter-output>
            <line>
              <![CDATA[create execution done]]>
            </line>
          </reporter-output>
        </test-method> <!-- create -->
        <test-method signature="deleteUser()[pri:0, instance:Test_ng_pgms.Log_class@6ac13091]" started-at="2022-10-20T13:56:35 IST" name="deleteUser" finished-at="2022-10-20T13:56:35 IST" duration-ms="3" status="PASS">
          <reporter-output>
          </reporter-output>
        </test-method> <!-- deleteUser -->
        <test-method signature="modify()[pri:0, instance:Test_ng_pgms.Log_class@6ac13091]" started-at="2022-10-20T13:56:35 IST" name="modify" finished-at="2022-10-20T13:56:35 IST" duration-ms="6" status="PASS">
          <reporter-output>
          </reporter-output>
        </test-method> <!-- modify -->
      </class> <!-- Test_ng_pgms.Log_class -->
    </test> <!-- Default test -->
  </suite> <!-- Default suite -->
</testng-results>
