<?xml version="1.0" encoding="UTF-8"?>
<!-- Generated by org.testng.reporters.JUnitXMLReporter -->
<testsuite ignored="0" hostname="DESKTOP-HOJTD0S" failures="0" tests="3" name="Test" time="39.544" errors="0" timestamp="2022-10-20T13:46:47 IST">
  <testcase classname="DataUtilty_class_Base_class_Parallel_Execution.Task_Execution" name="task" time="9.218"/>
  <testcase classname="DataUtilty_class_Base_class_Parallel_Execution.Users_Execution" name="User" time="10.404"/>
  <testcase classname="DataUtilty_class_Base_class_Parallel_Execution.Reports_Execution" name="task" time="14.707"/>
</testsuite> <!-- Test -->
