<?xml version="1.0" encoding="UTF-8"?>
<!-- Generated by org.testng.reporters.JUnitXMLReporter -->
<testsuite ignored="1" hostname="DESKTOP-HOJTD0S" failures="0" tests="2" name="Test" time="132.016" errors="0" timestamp="2022-10-18T09:16:47 IST">
  <testcase classname="Group_Execution.Users_Execution" name="Users" time="26.219"/>
  <testcase classname="Group_Execution.Task_Execution" name="Task" time="24.661"/>
  <testcase classname="Group_Execution.Reports_Execution" name="Reports" time="0.0">
    <ignored/>
  </testcase> <!-- Reports -->
</testsuite> <!-- Test -->
